kotlin version: 2.0.21
error message: org.jetbrains.kotlin.backend.common.CompilationException: Back-end: Please report this problem https://kotl.in/issue
/Users/adamcisneros/AndroidStudioProjects/GamePlan/app/src/main/java/com/twig/gameplan/BottomNav.kt:19:1
Problem with `@Serializable
@StabilityInferred(parameters = 0)
sealed class BottomBarRoute {
  protected constructor(route: Any, title: String, icon: ImageVector) /* primary */ {
    super/*Any*/()
    /* <init>() */

  }

  @Contextual
  val route: Any
    field = route
    get

  val title: String
    field = title
    get

  val icon: ImageVector
    field = icon
    get

  @Serializable
  @StabilityInferred(parameters = 1)
  data object Home : BottomBarRoute {
    private constructor() /* primary */ {
      super/*BottomBarRoute*/(route = Plans, title = "Home", icon = Icons.<get-Default>().<get-Home>())
      /* <init>() */

    }

    fun serializer(): KSerializer<Home>

    override fun toString(): String {
      return "Home"
    }

    override fun hashCode(): Int {
      return 41698265
    }

    override operator fun equals(other: Any?): Boolean {
      when {
        EQEQEQ(arg0 = <this>, arg1 = other) -> return true
      }
      when {
        other !is Home -> return false
      }
      val tmp0_other_with_cast: Home = other as Home
      return true
    }

    @Contextual
    /* fake */ override val route: Any
      /* fake */ override get(): Any

    /* fake */ override val title: String
      /* fake */ override get(): String

    /* fake */ override val icon: ImageVector
      /* fake */ override get(): ImageVector

    /* static final field */ val $stable: Int = 0
  }

  @Serializable
  @StabilityInferred(parameters = 1)
  data object ToDo : BottomBarRoute {
    private constructor() /* primary */ {
      super/*BottomBarRoute*/(route = ToDo, title = "ToDo", icon = Icons.<get-Default>().<get-Checklist>())
      /* <init>() */

    }

    fun serializer(): KSerializer<ToDo>

    override fun toString(): String {
      return "ToDo"
    }

    override fun hashCode(): Int {
      return 42054496
    }

    override operator fun equals(other: Any?): Boolean {
      when {
        EQEQEQ(arg0 = <this>, arg1 = other) -> return true
      }
      when {
        other !is ToDo -> return false
      }
      val tmp0_other_with_cast: ToDo = other as ToDo
      return true
    }

    @Contextual
    /* fake */ override val route: Any
      /* fake */ override get(): Any

    /* fake */ override val title: String
      /* fake */ override get(): String

    /* fake */ override val icon: ImageVector
      /* fake */ override get(): ImageVector

    /* static final field */ val $stable: Int = 0
  }

  @Serializable
  @StabilityInferred(parameters = 1)
  data object Groups : BottomBarRoute {
    private constructor() /* primary */ {
      super/*BottomBarRoute*/(route = Plans, title = "Groups", icon = Icons.<get-Default>().<get-Group>())
      /* <init>() */

    }

    fun serializer(): KSerializer<Groups>

    override fun toString(): String {
      return "Groups"
    }

    override fun hashCode(): Int {
      return 1391546958
    }

    override operator fun equals(other: Any?): Boolean {
      when {
        EQEQEQ(arg0 = <this>, arg1 = other) -> return true
      }
      when {
        other !is Groups -> return false
      }
      val tmp0_other_with_cast: Groups = other as Groups
      return true
    }

    @Contextual
    /* fake */ override val route: Any
      /* fake */ override get(): Any

    /* fake */ override val title: String
      /* fake */ override get(): String

    /* fake */ override val icon: ImageVector
      /* fake */ override get(): ImageVector

    /* static final field */ val $stable: Int = 0
  }

  companion object Companion {
    private constructor() /* primary */ {
      super/*Any*/()
      /* <init>() */

    }

    fun serializer(): KSerializer<BottomBarRoute>

    /* fake */ override operator fun equals(other: Any?): Boolean

    /* fake */ override fun hashCode(): Int

    /* fake */ override fun toString(): String

  }

  /* fake */ override operator fun equals(other: Any?): Boolean

  /* fake */ override fun hashCode(): Int

  /* fake */ override fun toString(): String

  /* static final field */ val $stable: Int = 8
  @JvmStatic
  fun write$Self(self: BottomBarRoute, output: CompositeEncoder, serialDesc: SerialDescriptor)

  constructor(seen0: Int, route: Any?, title: String?, icon: ImageVector?, serializationConstructorMarker: SerializationConstructorMarker?)

}

`
Details: kotlinx.serialization compiler plugin internal error: unable to transform declaration, see cause
	at org.jetbrains.kotlinx.serialization.compiler.extensions.SerializerClassLowering.lower(SerializationLoweringExtension.kt:230)
	at org.jetbrains.kotlinx.serialization.compiler.extensions.SerializationLoweringExtensionKt$runOnFileInOrder$1.visitClass(SerializationLoweringExtension.kt:46)
	at org.jetbrains.kotlin.ir.visitors.IrElementVisitorVoid$DefaultImpls.visitClass(IrElementVisitorVoid.kt:44)
	at org.jetbrains.kotlinx.serialization.compiler.extensions.SerializationLoweringExtensionKt$runOnFileInOrder$1.visitClass(SerializationLoweringExtension.kt:40)
	at org.jetbrains.kotlinx.serialization.compiler.extensions.SerializationLoweringExtensionKt$runOnFileInOrder$1.visitClass(SerializationLoweringExtension.kt:40)
	at org.jetbrains.kotlin.ir.declarations.IrClass.accept(IrClass.kt:72)
	at org.jetbrains.kotlin.ir.declarations.IrFile.acceptChildren(IrFile.kt:34)
	at org.jetbrains.kotlin.ir.visitors.IrVisitorsKt.acceptChildrenVoid(IrVisitors.kt:15)
	at org.jetbrains.kotlinx.serialization.compiler.extensions.SerializationLoweringExtensionKt$runOnFileInOrder$1.visitElement(SerializationLoweringExtension.kt:42)
	at org.jetbrains.kotlin.ir.visitors.IrElementVisitorVoid$DefaultImpls.visitPackageFragment(IrElementVisitorVoid.kt:168)
	at org.jetbrains.kotlinx.serialization.compiler.extensions.SerializationLoweringExtensionKt$runOnFileInOrder$1.visitPackageFragment(SerializationLoweringExtension.kt:40)
	at org.jetbrains.kotlin.ir.visitors.IrElementVisitorVoid$DefaultImpls.visitFile(IrElementVisitorVoid.kt:184)
	at org.jetbrains.kotlinx.serialization.compiler.extensions.SerializationLoweringExtensionKt$runOnFileInOrder$1.visitFile(SerializationLoweringExtension.kt:40)
	at org.jetbrains.kotlin.ir.visitors.IrElementVisitorVoid$DefaultImpls.visitFile(IrElementVisitorVoid.kt:180)
	at org.jetbrains.kotlinx.serialization.compiler.extensions.SerializationLoweringExtensionKt$runOnFileInOrder$1.visitFile(SerializationLoweringExtension.kt:40)
	at org.jetbrains.kotlinx.serialization.compiler.extensions.SerializationLoweringExtensionKt$runOnFileInOrder$1.visitFile(SerializationLoweringExtension.kt:40)
	at org.jetbrains.kotlin.ir.declarations.IrFile.accept(IrFile.kt:28)
	at org.jetbrains.kotlin.ir.visitors.IrVisitorsKt.acceptVoid(IrVisitors.kt:11)
	at org.jetbrains.kotlinx.serialization.compiler.extensions.SerializationLoweringExtensionKt.runOnFileInOrder(SerializationLoweringExtension.kt:40)
	at org.jetbrains.kotlinx.serialization.compiler.extensions.SerializationLoweringExtension.generate(SerializationLoweringExtension.kt:194)
	at org.jetbrains.kotlin.fir.pipeline.ConvertToIrKt.applyIrGenerationExtensions(convertToIr.kt:442)
	at org.jetbrains.kotlin.fir.pipeline.Fir2IrPipeline.runActualizationPipeline(convertToIr.kt:246)
	at org.jetbrains.kotlin.fir.pipeline.Fir2IrPipeline.convertToIrAndActualize(convertToIr.kt:130)
	at org.jetbrains.kotlin.fir.pipeline.ConvertToIrKt.convertToIrAndActualize(convertToIr.kt:99)
	at org.jetbrains.kotlin.fir.pipeline.ConvertToIrKt.convertToIrAndActualize$default(convertToIr.kt:72)
	at org.jetbrains.kotlin.cli.jvm.compiler.pipeline.JvmCompilerPipelineKt.convertToIrAndActualizeForJvm(jvmCompilerPipeline.kt:196)
	at org.jetbrains.kotlin.cli.jvm.compiler.pipeline.JvmCompilerPipelineKt.convertAnalyzedFirToIr(jvmCompilerPipeline.kt:169)
	at org.jetbrains.kotlin.cli.jvm.compiler.pipeline.JvmCompilerPipelineKt.compileModulesUsingFrontendIrAndLightTree(jvmCompilerPipeline.kt:140)
	at org.jetbrains.kotlin.cli.jvm.K2JVMCompiler.doExecute(K2JVMCompiler.kt:148)
	at org.jetbrains.kotlin.cli.jvm.K2JVMCompiler.doExecute(K2JVMCompiler.kt:43)
	at org.jetbrains.kotlin.cli.common.CLICompiler.execImpl(CLICompiler.kt:103)
	at org.jetbrains.kotlin.cli.common.CLICompiler.execImpl(CLICompiler.kt:49)
	at org.jetbrains.kotlin.cli.common.CLITool.exec(CLITool.kt:101)
	at org.jetbrains.kotlin.incremental.IncrementalJvmCompilerRunner.runCompiler(IncrementalJvmCompilerRunner.kt:464)
	at org.jetbrains.kotlin.incremental.IncrementalJvmCompilerRunner.runCompiler(IncrementalJvmCompilerRunner.kt:73)
	at org.jetbrains.kotlin.incremental.IncrementalCompilerRunner.doCompile(IncrementalCompilerRunner.kt:506)
	at org.jetbrains.kotlin.incremental.IncrementalCompilerRunner.compileImpl(IncrementalCompilerRunner.kt:423)
	at org.jetbrains.kotlin.incremental.IncrementalCompilerRunner.tryCompileIncrementally$lambda$9$compile(IncrementalCompilerRunner.kt:249)
	at org.jetbrains.kotlin.incremental.IncrementalCompilerRunner.tryCompileIncrementally(IncrementalCompilerRunner.kt:267)
	at org.jetbrains.kotlin.incremental.IncrementalCompilerRunner.compile(IncrementalCompilerRunner.kt:120)
	at org.jetbrains.kotlin.daemon.CompileServiceImplBase.execIncrementalCompiler(CompileServiceImpl.kt:675)
	at org.jetbrains.kotlin.daemon.CompileServiceImplBase.access$execIncrementalCompiler(CompileServiceImpl.kt:92)
	at org.jetbrains.kotlin.daemon.CompileServiceImpl.compile(CompileServiceImpl.kt:1660)
	at java.base/jdk.internal.reflect.DirectMethodHandleAccessor.invoke(Unknown Source)
	at java.base/java.lang.reflect.Method.invoke(Unknown Source)
	at java.rmi/sun.rmi.server.UnicastServerRef.dispatch(Unknown Source)
	at java.rmi/sun.rmi.transport.Transport$1.run(Unknown Source)
	at java.rmi/sun.rmi.transport.Transport$1.run(Unknown Source)
	at java.base/java.security.AccessController.doPrivileged(Unknown Source)
	at java.rmi/sun.rmi.transport.Transport.serviceCall(Unknown Source)
	at java.rmi/sun.rmi.transport.tcp.TCPTransport.handleMessages(Unknown Source)
	at java.rmi/sun.rmi.transport.tcp.TCPTransport$ConnectionHandler.run0(Unknown Source)
	at java.rmi/sun.rmi.transport.tcp.TCPTransport$ConnectionHandler.lambda$run$0(Unknown Source)
	at java.base/java.security.AccessController.doPrivileged(Unknown Source)
	at java.rmi/sun.rmi.transport.tcp.TCPTransport$ConnectionHandler.run(Unknown Source)
	at java.base/java.util.concurrent.ThreadPoolExecutor.runWorker(Unknown Source)
	at java.base/java.util.concurrent.ThreadPoolExecutor$Worker.run(Unknown Source)
	at java.base/java.lang.Thread.run(Unknown Source)
Caused by: java.lang.IllegalStateException: Serializer for element of type androidx.compose.ui.graphics.vector.ImageVector has not been found
	at org.jetbrains.kotlinx.serialization.compiler.backend.ir.SerializerSearchUtilKt.findTypeSerializerOrContext(SerializerSearchUtil.kt:84)
	at org.jetbrains.kotlinx.serialization.compiler.backend.ir.SerializerSearchUtilKt.getIrSerialTypeInfo(SerializerSearchUtil.kt:63)
	at org.jetbrains.kotlinx.serialization.compiler.backend.ir.BaseIrGenerator.cacheableChildSerializerInstance(BaseIrGenerator.kt:488)
	at org.jetbrains.kotlinx.serialization.compiler.backend.ir.BaseIrGenerator.createCachedChildSerializers(BaseIrGenerator.kt:468)
	at org.jetbrains.kotlinx.serialization.compiler.backend.ir.SerializableIrGenerator.<init>(SerializableIrGenerator.kt:59)
	at org.jetbrains.kotlinx.serialization.compiler.backend.ir.SerializableIrGenerator$Companion.generate(SerializableIrGenerator.kt:398)
	at org.jetbrains.kotlinx.serialization.compiler.extensions.SerializerClassLowering.lower(SerializationLoweringExtension.kt:146)
	... 57 more


